<?xml version="1.0" encoding="UTF-8"?>
<testng-results skipped="0" failed="7" ignored="0" total="26" passed="19">
  <reporter-output>
  </reporter-output>
  <suite name="Suite" duration-ms="527738" started-at="2021-04-14T11:29:18 IDT" finished-at="2021-04-14T11:38:06 IDT">
    <groups>
    </groups>
    <test name="Test" duration-ms="527738" started-at="2021-04-14T11:29:18 IDT" finished-at="2021-04-14T11:38:06 IDT">
      <class name="tests.BackToLoginFromSignIn">
        <test-method status="PASS" signature="setup()[pri:0, instance:tests.BackToLoginFromSignIn@51e4ccb3]" name="setup" is-config="true" duration-ms="8290" started-at="2021-04-14T11:35:36 IDT" finished-at="2021-04-14T11:35:44 IDT">
          <reporter-output>
          </reporter-output>
        </test-method> <!-- setup -->
        <test-method status="PASS" signature="tc01BackToLogin()[pri:0, instance:tests.BackToLoginFromSignIn@51e4ccb3]" name="tc01BackToLogin" duration-ms="12798" started-at="2021-04-14T11:35:44 IDT" finished-at="2021-04-14T11:35:57 IDT">
          <reporter-output>
          </reporter-output>
        </test-method> <!-- tc01BackToLogin -->
        <test-method status="PASS" signature="tearDown()[pri:0, instance:tests.BackToLoginFromSignIn@51e4ccb3]" name="tearDown" is-config="true" duration-ms="655" started-at="2021-04-14T11:35:57 IDT" finished-at="2021-04-14T11:35:58 IDT">
          <reporter-output>
          </reporter-output>
        </test-method> <!-- tearDown -->
      </class> <!-- tests.BackToLoginFromSignIn -->
      <class name="tests.SearchProduct">
        <test-method status="PASS" signature="setup()[pri:0, instance:tests.SearchProduct@5fd62371]" name="setup" is-config="true" duration-ms="5960" started-at="2021-04-14T11:36:39 IDT" finished-at="2021-04-14T11:36:44 IDT">
          <reporter-output>
          </reporter-output>
        </test-method> <!-- setup -->
        <test-method status="PASS" signature="tc01SearchExistProduct()[pri:0, instance:tests.SearchProduct@5fd62371]" name="tc01SearchExistProduct" duration-ms="7039" started-at="2021-04-14T11:36:44 IDT" finished-at="2021-04-14T11:36:52 IDT">
          <reporter-output>
          </reporter-output>
        </test-method> <!-- tc01SearchExistProduct -->
        <test-method status="PASS" signature="tc01SearchNotExistProduct()[pri:0, instance:tests.SearchProduct@5fd62371]" name="tc01SearchNotExistProduct" duration-ms="6884" started-at="2021-04-14T11:36:52 IDT" finished-at="2021-04-14T11:36:58 IDT">
          <reporter-output>
          </reporter-output>
        </test-method> <!-- tc01SearchNotExistProduct -->
        <test-method status="PASS" signature="tearDown()[pri:0, instance:tests.SearchProduct@5fd62371]" name="tearDown" is-config="true" duration-ms="671" started-at="2021-04-14T11:36:58 IDT" finished-at="2021-04-14T11:36:59 IDT">
          <reporter-output>
          </reporter-output>
        </test-method> <!-- tearDown -->
      </class> <!-- tests.SearchProduct -->
      <class name="tests.EnterNewLetterMail">
        <test-method status="PASS" signature="setup()[pri:0, instance:tests.EnterNewLetterMail@47da3952]" name="setup" is-config="true" duration-ms="6392" started-at="2021-04-14T11:35:08 IDT" finished-at="2021-04-14T11:35:15 IDT">
          <reporter-output>
          </reporter-output>
        </test-method> <!-- setup -->
        <test-method status="FAIL" signature="tc01EnterNewMail()[pri:0, instance:tests.EnterNewLetterMail@47da3952]" name="tc01EnterNewMail" duration-ms="6681" started-at="2021-04-14T11:35:15 IDT" finished-at="2021-04-14T11:35:22 IDT">
          <exception class="java.lang.AssertionError">
            <message>
              <![CDATA[expected [Newsletter : You have successfully subscribed to this newsletter.] but found [Newsletter : This email address is already registered.]]]>
            </message>
            <full-stacktrace>
              <![CDATA[java.lang.AssertionError: expected [Newsletter : You have successfully subscribed to this newsletter.] but found [Newsletter : This email address is already registered.]
at org.testng.Assert.fail(Assert.java:99)
at org.testng.Assert.failNotEquals(Assert.java:1037)
at org.testng.Assert.assertEqualsImpl(Assert.java:140)
at org.testng.Assert.assertEquals(Assert.java:122)
at org.testng.Assert.assertEquals(Assert.java:629)
at org.testng.Assert.assertEquals(Assert.java:639)
at tests.EnterNewLetterMail.tc01EnterNewMail(EnterNewLetterMail.java:20)
at sun.reflect.NativeMethodAccessorImpl.invoke0(Native Method)
at sun.reflect.NativeMethodAccessorImpl.invoke(NativeMethodAccessorImpl.java:62)
at sun.reflect.DelegatingMethodAccessorImpl.invoke(DelegatingMethodAccessorImpl.java:43)
at java.lang.reflect.Method.invoke(Method.java:498)
at org.testng.internal.MethodInvocationHelper.invokeMethod(MethodInvocationHelper.java:132)
at org.testng.internal.TestInvoker.invokeMethod(TestInvoker.java:599)
at org.testng.internal.TestInvoker.invokeTestMethod(TestInvoker.java:174)
at org.testng.internal.MethodRunner.runInSequence(MethodRunner.java:46)
at org.testng.internal.TestInvoker$MethodInvocationAgent.invoke(TestInvoker.java:822)
at org.testng.internal.TestInvoker.invokeTestMethods(TestInvoker.java:147)
at org.testng.internal.TestMethodWorker.invokeTestMethods(TestMethodWorker.java:146)
at org.testng.internal.TestMethodWorker.run(TestMethodWorker.java:128)
at java.util.ArrayList.forEach(ArrayList.java:1259)
at org.testng.TestRunner.privateRun(TestRunner.java:764)
at org.testng.TestRunner.run(TestRunner.java:585)
at org.testng.SuiteRunner.runTest(SuiteRunner.java:384)
at org.testng.SuiteRunner.runSequentially(SuiteRunner.java:378)
at org.testng.SuiteRunner.privateRun(SuiteRunner.java:337)
at org.testng.SuiteRunner.run(SuiteRunner.java:286)
at org.testng.SuiteRunnerWorker.runSuite(SuiteRunnerWorker.java:53)
at org.testng.SuiteRunnerWorker.run(SuiteRunnerWorker.java:96)
at org.testng.TestNG.runSuitesSequentially(TestNG.java:1218)
at org.testng.TestNG.runSuitesLocally(TestNG.java:1140)
at org.testng.TestNG.runSuites(TestNG.java:1069)
at org.testng.TestNG.run(TestNG.java:1037)
at org.apache.maven.surefire.testng.TestNGExecutor.run(TestNGExecutor.java:284)
at org.apache.maven.surefire.testng.TestNGXmlTestSuite.execute(TestNGXmlTestSuite.java:75)
at org.apache.maven.surefire.testng.TestNGProvider.invoke(TestNGProvider.java:119)
at org.apache.maven.surefire.booter.ForkedBooter.runSuitesInProcess(ForkedBooter.java:428)
at org.apache.maven.surefire.booter.ForkedBooter.execute(ForkedBooter.java:162)
at org.apache.maven.surefire.booter.ForkedBooter.run(ForkedBooter.java:562)
at org.apache.maven.surefire.booter.ForkedBooter.main(ForkedBooter.java:548)
]]>
            </full-stacktrace>
          </exception> <!-- java.lang.AssertionError -->
          <reporter-output>
          </reporter-output>
        </test-method> <!-- tc01EnterNewMail -->
        <test-method status="PASS" signature="tc02EnterWrongMailFormat()[pri:0, instance:tests.EnterNewLetterMail@47da3952]" name="tc02EnterWrongMailFormat" duration-ms="6662" started-at="2021-04-14T11:35:22 IDT" finished-at="2021-04-14T11:35:28 IDT">
          <reporter-output>
          </reporter-output>
        </test-method> <!-- tc02EnterWrongMailFormat -->
        <test-method status="PASS" signature="tc03EnterExistMail()[pri:0, instance:tests.EnterNewLetterMail@47da3952]" name="tc03EnterExistMail" duration-ms="7305" started-at="2021-04-14T11:35:28 IDT" finished-at="2021-04-14T11:35:35 IDT">
          <reporter-output>
          </reporter-output>
        </test-method> <!-- tc03EnterExistMail -->
        <test-method status="PASS" signature="tearDown()[pri:0, instance:tests.EnterNewLetterMail@47da3952]" name="tearDown" is-config="true" duration-ms="672" started-at="2021-04-14T11:35:35 IDT" finished-at="2021-04-14T11:35:36 IDT">
          <reporter-output>
          </reporter-output>
        </test-method> <!-- tearDown -->
      </class> <!-- tests.EnterNewLetterMail -->
      <class name="tests.CreateUser">
        <test-method status="PASS" signature="setup()[pri:0, instance:tests.CreateUser@46e8a539]" name="setup" is-config="true" duration-ms="6297" started-at="2021-04-14T11:35:58 IDT" finished-at="2021-04-14T11:36:04 IDT">
          <reporter-output>
          </reporter-output>
        </test-method> <!-- setup -->
        <test-method status="FAIL" signature="tc01CreateUser()[pri:0, instance:tests.CreateUser@46e8a539]" name="tc01CreateUser" duration-ms="7381" started-at="2021-04-14T11:36:04 IDT" finished-at="2021-04-14T11:36:12 IDT">
          <exception class="org.openqa.selenium.NoSuchElementException">
            <message>
              <![CDATA[no such element: Unable to locate element: {"method":"css selector","selector":"#uniform-id_gender1"}
  (Session info: chrome=89.0.4389.114)
For documentation on this error, please visit: https://www.seleniumhq.org/exceptions/no_such_element.html
Build info: version: '3.141.59', revision: 'e82be7d358', time: '2018-11-14T08:17:03'
System info: host: 'DESKTOP-V3Q84TH', ip: '10.0.0.1', os.name: 'Windows 10', os.arch: 'amd64', os.version: '10.0', java.version: '1.8.0_282'
Driver info: org.openqa.selenium.chrome.ChromeDriver
Capabilities {acceptInsecureCerts: false, browserName: chrome, browserVersion: 89.0.4389.114, chrome: {chromedriverVersion: 89.0.4389.23 (61b08ee2c5002..., userDataDir: C:\Users\BENMEN~1\AppData\L...}, goog:chromeOptions: {debuggerAddress: localhost:61653}, javascriptEnabled: true, networkConnectionEnabled: false, pageLoadStrategy: normal, platform: WINDOWS, platformName: WINDOWS, proxy: Proxy(), setWindowRect: true, strictFileInteractability: false, timeouts: {implicit: 0, pageLoad: 300000, script: 30000}, unhandledPromptBehavior: dismiss and notify, webauthn:extension:largeBlob: true, webauthn:virtualAuthenticators: true}
Session ID: 2b34b8a1fc255ee72a8e7425206f513a
*** Element info: {Using=css selector, value=#uniform-id_gender1}]]>
            </message>
            <full-stacktrace>
              <![CDATA[org.openqa.selenium.NoSuchElementException: no such element: Unable to locate element: {"method":"css selector","selector":"#uniform-id_gender1"}
  (Session info: chrome=89.0.4389.114)
For documentation on this error, please visit: https://www.seleniumhq.org/exceptions/no_such_element.html
Build info: version: '3.141.59', revision: 'e82be7d358', time: '2018-11-14T08:17:03'
System info: host: 'DESKTOP-V3Q84TH', ip: '10.0.0.1', os.name: 'Windows 10', os.arch: 'amd64', os.version: '10.0', java.version: '1.8.0_282'
Driver info: org.openqa.selenium.chrome.ChromeDriver
Capabilities {acceptInsecureCerts: false, browserName: chrome, browserVersion: 89.0.4389.114, chrome: {chromedriverVersion: 89.0.4389.23 (61b08ee2c5002..., userDataDir: C:\Users\BENMEN~1\AppData\L...}, goog:chromeOptions: {debuggerAddress: localhost:61653}, javascriptEnabled: true, networkConnectionEnabled: false, pageLoadStrategy: normal, platform: WINDOWS, platformName: WINDOWS, proxy: Proxy(), setWindowRect: true, strictFileInteractability: false, timeouts: {implicit: 0, pageLoad: 300000, script: 30000}, unhandledPromptBehavior: dismiss and notify, webauthn:extension:largeBlob: true, webauthn:virtualAuthenticators: true}
Session ID: 2b34b8a1fc255ee72a8e7425206f513a
*** Element info: {Using=css selector, value=#uniform-id_gender1}
at sun.reflect.NativeConstructorAccessorImpl.newInstance0(Native Method)
at sun.reflect.NativeConstructorAccessorImpl.newInstance(NativeConstructorAccessorImpl.java:62)
at sun.reflect.DelegatingConstructorAccessorImpl.newInstance(DelegatingConstructorAccessorImpl.java:45)
at java.lang.reflect.Constructor.newInstance(Constructor.java:423)
at org.openqa.selenium.remote.http.W3CHttpResponseCodec.createException(W3CHttpResponseCodec.java:187)
at org.openqa.selenium.remote.http.W3CHttpResponseCodec.decode(W3CHttpResponseCodec.java:122)
at org.openqa.selenium.remote.http.W3CHttpResponseCodec.decode(W3CHttpResponseCodec.java:49)
at org.openqa.selenium.remote.HttpCommandExecutor.execute(HttpCommandExecutor.java:158)
at org.openqa.selenium.remote.service.DriverCommandExecutor.execute(DriverCommandExecutor.java:83)
at org.openqa.selenium.remote.RemoteWebDriver.execute(RemoteWebDriver.java:552)
at org.openqa.selenium.remote.RemoteWebDriver.findElement(RemoteWebDriver.java:323)
at org.openqa.selenium.remote.RemoteWebDriver.findElementByCssSelector(RemoteWebDriver.java:420)
at org.openqa.selenium.By$ByCssSelector.findElement(By.java:431)
at org.openqa.selenium.remote.RemoteWebDriver.findElement(RemoteWebDriver.java:315)
at org.openqa.selenium.support.pagefactory.DefaultElementLocator.findElement(DefaultElementLocator.java:69)
at org.openqa.selenium.support.pagefactory.internal.LocatingElementHandler.invoke(LocatingElementHandler.java:38)
at com.sun.proxy.$Proxy11.getWrappedElement(Unknown Source)
at org.openqa.selenium.remote.internal.WebElementToJsonConverter.apply(WebElementToJsonConverter.java:50)
at java.util.stream.ReferencePipeline$3$1.accept(ReferencePipeline.java:193)
at java.util.Spliterators$ArraySpliterator.forEachRemaining(Spliterators.java:948)
at java.util.stream.AbstractPipeline.copyInto(AbstractPipeline.java:482)
at java.util.stream.AbstractPipeline.wrapAndCopyInto(AbstractPipeline.java:472)
at java.util.stream.ReduceOps$ReduceOp.evaluateSequential(ReduceOps.java:708)
at java.util.stream.AbstractPipeline.evaluate(AbstractPipeline.java:234)
at java.util.stream.ReferencePipeline.collect(ReferencePipeline.java:566)
at org.openqa.selenium.remote.RemoteWebDriver.executeScript(RemoteWebDriver.java:484)
at pageobjects.BasePage.click(BasePage.java:28)
at pageobjects.SignInPage.UserDetails(SignInPage.java:90)
at tests.CreateUser.tc01CreateUser(CreateUser.java:20)
at sun.reflect.NativeMethodAccessorImpl.invoke0(Native Method)
at sun.reflect.NativeMethodAccessorImpl.invoke(NativeMethodAccessorImpl.java:62)
at sun.reflect.DelegatingMethodAccessorImpl.invoke(DelegatingMethodAccessorImpl.java:43)
at java.lang.reflect.Method.invoke(Method.java:498)
at org.testng.internal.MethodInvocationHelper.invokeMethod(MethodInvocationHelper.java:132)
at org.testng.internal.TestInvoker.invokeMethod(TestInvoker.java:599)
at org.testng.internal.TestInvoker.invokeTestMethod(TestInvoker.java:174)
at org.testng.internal.MethodRunner.runInSequence(MethodRunner.java:46)
at org.testng.internal.TestInvoker$MethodInvocationAgent.invoke(TestInvoker.java:822)
at org.testng.internal.TestInvoker.invokeTestMethods(TestInvoker.java:147)
at org.testng.internal.TestMethodWorker.invokeTestMethods(TestMethodWorker.java:146)
at org.testng.internal.TestMethodWorker.run(TestMethodWorker.java:128)
at java.util.ArrayList.forEach(ArrayList.java:1259)
at org.testng.TestRunner.privateRun(TestRunner.java:764)
at org.testng.TestRunner.run(TestRunner.java:585)
at org.testng.SuiteRunner.runTest(SuiteRunner.java:384)
at org.testng.SuiteRunner.runSequentially(SuiteRunner.java:378)
at org.testng.SuiteRunner.privateRun(SuiteRunner.java:337)
at org.testng.SuiteRunner.run(SuiteRunner.java:286)
at org.testng.SuiteRunnerWorker.runSuite(SuiteRunnerWorker.java:53)
at org.testng.SuiteRunnerWorker.run(SuiteRunnerWorker.java:96)
at org.testng.TestNG.runSuitesSequentially(TestNG.java:1218)
at org.testng.TestNG.runSuitesLocally(TestNG.java:1140)
at org.testng.TestNG.runSuites(TestNG.java:1069)
at org.testng.TestNG.run(TestNG.java:1037)
at org.apache.maven.surefire.testng.TestNGExecutor.run(TestNGExecutor.java:284)
at org.apache.maven.surefire.testng.TestNGXmlTestSuite.execute(TestNGXmlTestSuite.java:75)
at org.apache.maven.surefire.testng.TestNGProvider.invoke(TestNGProvider.java:119)
at org.apache.maven.surefire.booter.ForkedBooter.runSuitesInProcess(ForkedBooter.java:428)
at org.apache.maven.surefire.booter.ForkedBooter.execute(ForkedBooter.java:162)
at org.apache.maven.surefire.booter.ForkedBooter.run(ForkedBooter.java:562)
at org.apache.maven.surefire.booter.ForkedBooter.main(ForkedBooter.java:548)
]]>
            </full-stacktrace>
          </exception> <!-- org.openqa.selenium.NoSuchElementException -->
          <reporter-output>
          </reporter-output>
        </test-method> <!-- tc01CreateUser -->
        <test-method status="PASS" signature="tearDown()[pri:0, instance:tests.CreateUser@46e8a539]" name="tearDown" is-config="true" duration-ms="678" started-at="2021-04-14T11:36:12 IDT" finished-at="2021-04-14T11:36:12 IDT">
          <reporter-output>
          </reporter-output>
        </test-method> <!-- tearDown -->
      </class> <!-- tests.CreateUser -->
      <class name="tests.RemovalOfProduct">
        <test-method status="PASS" signature="setup()[pri:0, instance:tests.RemovalOfProduct@28a0fd6c]" name="setup" is-config="true" duration-ms="6859" started-at="2021-04-14T11:36:59 IDT" finished-at="2021-04-14T11:37:06 IDT">
          <reporter-output>
          </reporter-output>
        </test-method> <!-- setup -->
        <test-method status="PASS" signature="tc05CheckingRemoveBTN()[pri:1, instance:tests.RemovalOfProduct@28a0fd6c]" name="tc05CheckingRemoveBTN" duration-ms="59012" started-at="2021-04-14T11:37:06 IDT" finished-at="2021-04-14T11:38:05 IDT">
          <reporter-output>
          </reporter-output>
        </test-method> <!-- tc05CheckingRemoveBTN -->
        <test-method status="PASS" signature="tearDown()[pri:0, instance:tests.RemovalOfProduct@28a0fd6c]" name="tearDown" is-config="true" duration-ms="666" started-at="2021-04-14T11:38:05 IDT" finished-at="2021-04-14T11:38:06 IDT">
          <reporter-output>
          </reporter-output>
        </test-method> <!-- tearDown -->
      </class> <!-- tests.RemovalOfProduct -->
      <class name="tests.AccessBackHome">
        <test-method status="PASS" signature="setup()[pri:0, instance:tests.AccessBackHome@464649c]" name="setup" is-config="true" duration-ms="6062" started-at="2021-04-14T11:33:57 IDT" finished-at="2021-04-14T11:34:03 IDT">
          <reporter-output>
          </reporter-output>
        </test-method> <!-- setup -->
        <test-method status="PASS" signature="tc01BackHome()[pri:0, instance:tests.AccessBackHome@464649c]" name="tc01BackHome" duration-ms="5045" started-at="2021-04-14T11:34:03 IDT" finished-at="2021-04-14T11:34:08 IDT">
          <reporter-output>
          </reporter-output>
        </test-method> <!-- tc01BackHome -->
        <test-method status="PASS" signature="tearDown()[pri:0, instance:tests.AccessBackHome@464649c]" name="tearDown" is-config="true" duration-ms="686" started-at="2021-04-14T11:34:08 IDT" finished-at="2021-04-14T11:34:09 IDT">
          <reporter-output>
          </reporter-output>
        </test-method> <!-- tearDown -->
      </class> <!-- tests.AccessBackHome -->
      <class name="tests.SignInUserToSystem">
        <test-method status="PASS" signature="setup()[pri:0, instance:tests.SignInUserToSystem@94f6bfb]" name="setup" is-config="true" duration-ms="6107" started-at="2021-04-14T11:29:51 IDT" finished-at="2021-04-14T11:29:57 IDT">
          <reporter-output>
          </reporter-output>
        </test-method> <!-- setup -->
        <test-method status="PASS" signature="tc03SignInFailed(java.lang.String, java.lang.String)[pri:0, instance:tests.SignInUserToSystem@94f6bfb]" name="tc03SignInFailed" duration-ms="10094" started-at="2021-04-14T11:29:59 IDT" description="Using Different Mail of users" data-provider="getDataFromExcel" finished-at="2021-04-14T11:30:09 IDT">
          <params>
            <param index="0">
              <value>
                <![CDATA[itamar83@gmail.com]]>
              </value>
            </param>
            <param index="1">
              <value>
                <![CDATA[1234567]]>
              </value>
            </param>
          </params>
          <reporter-output>
          </reporter-output>
        </test-method> <!-- tc03SignInFailed -->
        <test-method status="PASS" signature="tc03SignInFailed(java.lang.String, java.lang.String)[pri:0, instance:tests.SignInUserToSystem@94f6bfb]" name="tc03SignInFailed" duration-ms="9363" started-at="2021-04-14T11:30:09 IDT" description="Using Different Mail of users" data-provider="getDataFromExcel" finished-at="2021-04-14T11:30:18 IDT">
          <params>
            <param index="0">
              <value>
                <![CDATA[abc@abcdeg.com]]>
              </value>
            </param>
            <param index="1">
              <value>
                <![CDATA[456789]]>
              </value>
            </param>
          </params>
          <reporter-output>
          </reporter-output>
        </test-method> <!-- tc03SignInFailed -->
        <test-method status="PASS" signature="tc03SignInFailed(java.lang.String, java.lang.String)[pri:0, instance:tests.SignInUserToSystem@94f6bfb]" name="tc03SignInFailed" duration-ms="10929" started-at="2021-04-14T11:30:18 IDT" description="Using Different Mail of users" data-provider="getDataFromExcel" finished-at="2021-04-14T11:30:29 IDT">
          <params>
            <param index="0">
              <value>
                <![CDATA[122322V2221211]]>
              </value>
            </param>
            <param index="1">
              <value>
                <![CDATA[234543]]>
              </value>
            </param>
          </params>
          <reporter-output>
          </reporter-output>
        </test-method> <!-- tc03SignInFailed -->
        <test-method status="FAIL" signature="tc03SignInFailed(java.lang.String, java.lang.String)[pri:0, instance:tests.SignInUserToSystem@94f6bfb]" name="tc03SignInFailed" duration-ms="9889" started-at="2021-04-14T11:30:29 IDT" description="Using Different Mail of users" data-provider="getDataFromExcel" finished-at="2021-04-14T11:30:39 IDT">
          <params>
            <param index="0">
              <value>
                <![CDATA[itamar831@gmail.com]]>
              </value>
            </param>
            <param index="1">
              <value>
                <![CDATA[qjeLx9ce!]]>
              </value>
            </param>
          </params>
          <exception class="java.lang.AssertionError">
            <message>
              <![CDATA[expected [false] but found [true]]]>
            </message>
            <full-stacktrace>
              <![CDATA[java.lang.AssertionError: expected [false] but found [true]
at org.testng.Assert.fail(Assert.java:99)
at org.testng.Assert.failNotEquals(Assert.java:1037)
at org.testng.Assert.assertEqualsImpl(Assert.java:140)
at org.testng.Assert.assertEquals(Assert.java:122)
at org.testng.Assert.assertEquals(Assert.java:819)
at org.testng.Assert.assertEquals(Assert.java:829)
at tests.SignInUserToSystem.tc03SignInFailed(SignInUserToSystem.java:58)
at sun.reflect.NativeMethodAccessorImpl.invoke0(Native Method)
at sun.reflect.NativeMethodAccessorImpl.invoke(NativeMethodAccessorImpl.java:62)
at sun.reflect.DelegatingMethodAccessorImpl.invoke(DelegatingMethodAccessorImpl.java:43)
at java.lang.reflect.Method.invoke(Method.java:498)
at org.testng.internal.MethodInvocationHelper.invokeMethod(MethodInvocationHelper.java:132)
at org.testng.internal.TestInvoker.invokeMethod(TestInvoker.java:599)
at org.testng.internal.TestInvoker.invokeTestMethod(TestInvoker.java:174)
at org.testng.internal.MethodRunner.runInSequence(MethodRunner.java:46)
at org.testng.internal.TestInvoker$MethodInvocationAgent.invoke(TestInvoker.java:822)
at org.testng.internal.TestInvoker.invokeTestMethods(TestInvoker.java:147)
at org.testng.internal.TestMethodWorker.invokeTestMethods(TestMethodWorker.java:146)
at org.testng.internal.TestMethodWorker.run(TestMethodWorker.java:128)
at java.util.ArrayList.forEach(ArrayList.java:1259)
at org.testng.TestRunner.privateRun(TestRunner.java:764)
at org.testng.TestRunner.run(TestRunner.java:585)
at org.testng.SuiteRunner.runTest(SuiteRunner.java:384)
at org.testng.SuiteRunner.runSequentially(SuiteRunner.java:378)
at org.testng.SuiteRunner.privateRun(SuiteRunner.java:337)
at org.testng.SuiteRunner.run(SuiteRunner.java:286)
at org.testng.SuiteRunnerWorker.runSuite(SuiteRunnerWorker.java:53)
at org.testng.SuiteRunnerWorker.run(SuiteRunnerWorker.java:96)
at org.testng.TestNG.runSuitesSequentially(TestNG.java:1218)
at org.testng.TestNG.runSuitesLocally(TestNG.java:1140)
at org.testng.TestNG.runSuites(TestNG.java:1069)
at org.testng.TestNG.run(TestNG.java:1037)
at org.apache.maven.surefire.testng.TestNGExecutor.run(TestNGExecutor.java:284)
at org.apache.maven.surefire.testng.TestNGXmlTestSuite.execute(TestNGXmlTestSuite.java:75)
at org.apache.maven.surefire.testng.TestNGProvider.invoke(TestNGProvider.java:119)
at org.apache.maven.surefire.booter.ForkedBooter.runSuitesInProcess(ForkedBooter.java:428)
at org.apache.maven.surefire.booter.ForkedBooter.execute(ForkedBooter.java:162)
at org.apache.maven.surefire.booter.ForkedBooter.run(ForkedBooter.java:562)
at org.apache.maven.surefire.booter.ForkedBooter.main(ForkedBooter.java:548)
]]>
            </full-stacktrace>
          </exception> <!-- java.lang.AssertionError -->
          <reporter-output>
          </reporter-output>
        </test-method> <!-- tc03SignInFailed -->
        <test-method status="FAIL" signature="tc02SignInFailed()[pri:1, instance:tests.SignInUserToSystem@94f6bfb]" name="tc02SignInFailed" duration-ms="22" started-at="2021-04-14T11:30:39 IDT" finished-at="2021-04-14T11:30:39 IDT">
          <exception class="org.openqa.selenium.NoSuchElementException">
            <message>
              <![CDATA[no such element: Unable to locate element: {"method":"css selector","selector":".login"}
  (Session info: chrome=89.0.4389.114)
For documentation on this error, please visit: https://www.seleniumhq.org/exceptions/no_such_element.html
Build info: version: '3.141.59', revision: 'e82be7d358', time: '2018-11-14T08:17:03'
System info: host: 'DESKTOP-V3Q84TH', ip: '10.0.0.1', os.name: 'Windows 10', os.arch: 'amd64', os.version: '10.0', java.version: '1.8.0_282'
Driver info: org.openqa.selenium.chrome.ChromeDriver
Capabilities {acceptInsecureCerts: false, browserName: chrome, browserVersion: 89.0.4389.114, chrome: {chromedriverVersion: 89.0.4389.23 (61b08ee2c5002..., userDataDir: C:\Users\BENMEN~1\AppData\L...}, goog:chromeOptions: {debuggerAddress: localhost:59602}, javascriptEnabled: true, networkConnectionEnabled: false, pageLoadStrategy: normal, platform: WINDOWS, platformName: WINDOWS, proxy: Proxy(), setWindowRect: true, strictFileInteractability: false, timeouts: {implicit: 0, pageLoad: 300000, script: 30000}, unhandledPromptBehavior: dismiss and notify, webauthn:extension:largeBlob: true, webauthn:virtualAuthenticators: true}
Session ID: c65735929ae2ade7cd320c431d635e33
*** Element info: {Using=css selector, value=.login}]]>
            </message>
            <full-stacktrace>
              <![CDATA[org.openqa.selenium.NoSuchElementException: no such element: Unable to locate element: {"method":"css selector","selector":".login"}
  (Session info: chrome=89.0.4389.114)
For documentation on this error, please visit: https://www.seleniumhq.org/exceptions/no_such_element.html
Build info: version: '3.141.59', revision: 'e82be7d358', time: '2018-11-14T08:17:03'
System info: host: 'DESKTOP-V3Q84TH', ip: '10.0.0.1', os.name: 'Windows 10', os.arch: 'amd64', os.version: '10.0', java.version: '1.8.0_282'
Driver info: org.openqa.selenium.chrome.ChromeDriver
Capabilities {acceptInsecureCerts: false, browserName: chrome, browserVersion: 89.0.4389.114, chrome: {chromedriverVersion: 89.0.4389.23 (61b08ee2c5002..., userDataDir: C:\Users\BENMEN~1\AppData\L...}, goog:chromeOptions: {debuggerAddress: localhost:59602}, javascriptEnabled: true, networkConnectionEnabled: false, pageLoadStrategy: normal, platform: WINDOWS, platformName: WINDOWS, proxy: Proxy(), setWindowRect: true, strictFileInteractability: false, timeouts: {implicit: 0, pageLoad: 300000, script: 30000}, unhandledPromptBehavior: dismiss and notify, webauthn:extension:largeBlob: true, webauthn:virtualAuthenticators: true}
Session ID: c65735929ae2ade7cd320c431d635e33
*** Element info: {Using=css selector, value=.login}
at sun.reflect.NativeConstructorAccessorImpl.newInstance0(Native Method)
at sun.reflect.NativeConstructorAccessorImpl.newInstance(NativeConstructorAccessorImpl.java:62)
at sun.reflect.DelegatingConstructorAccessorImpl.newInstance(DelegatingConstructorAccessorImpl.java:45)
at java.lang.reflect.Constructor.newInstance(Constructor.java:423)
at org.openqa.selenium.remote.http.W3CHttpResponseCodec.createException(W3CHttpResponseCodec.java:187)
at org.openqa.selenium.remote.http.W3CHttpResponseCodec.decode(W3CHttpResponseCodec.java:122)
at org.openqa.selenium.remote.http.W3CHttpResponseCodec.decode(W3CHttpResponseCodec.java:49)
at org.openqa.selenium.remote.HttpCommandExecutor.execute(HttpCommandExecutor.java:158)
at org.openqa.selenium.remote.service.DriverCommandExecutor.execute(DriverCommandExecutor.java:83)
at org.openqa.selenium.remote.RemoteWebDriver.execute(RemoteWebDriver.java:552)
at org.openqa.selenium.remote.RemoteWebDriver.findElement(RemoteWebDriver.java:323)
at org.openqa.selenium.remote.RemoteWebDriver.findElementByCssSelector(RemoteWebDriver.java:420)
at org.openqa.selenium.By$ByCssSelector.findElement(By.java:431)
at org.openqa.selenium.remote.RemoteWebDriver.findElement(RemoteWebDriver.java:315)
at org.openqa.selenium.support.pagefactory.DefaultElementLocator.findElement(DefaultElementLocator.java:69)
at org.openqa.selenium.support.pagefactory.internal.LocatingElementHandler.invoke(LocatingElementHandler.java:38)
at com.sun.proxy.$Proxy11.getWrappedElement(Unknown Source)
at org.openqa.selenium.remote.internal.WebElementToJsonConverter.apply(WebElementToJsonConverter.java:50)
at java.util.stream.ReferencePipeline$3$1.accept(ReferencePipeline.java:193)
at java.util.Spliterators$ArraySpliterator.forEachRemaining(Spliterators.java:948)
at java.util.stream.AbstractPipeline.copyInto(AbstractPipeline.java:482)
at java.util.stream.AbstractPipeline.wrapAndCopyInto(AbstractPipeline.java:472)
at java.util.stream.ReduceOps$ReduceOp.evaluateSequential(ReduceOps.java:708)
at java.util.stream.AbstractPipeline.evaluate(AbstractPipeline.java:234)
at java.util.stream.ReferencePipeline.collect(ReferencePipeline.java:566)
at org.openqa.selenium.remote.RemoteWebDriver.executeScript(RemoteWebDriver.java:484)
at pageobjects.BasePage.click(BasePage.java:28)
at pageobjects.WelcomePage.ClickSignIn(WelcomePage.java:206)
at tests.SignInUserToSystem.tc02SignInFailed(SignInUserToSystem.java:37)
at sun.reflect.NativeMethodAccessorImpl.invoke0(Native Method)
at sun.reflect.NativeMethodAccessorImpl.invoke(NativeMethodAccessorImpl.java:62)
at sun.reflect.DelegatingMethodAccessorImpl.invoke(DelegatingMethodAccessorImpl.java:43)
at java.lang.reflect.Method.invoke(Method.java:498)
at org.testng.internal.MethodInvocationHelper.invokeMethod(MethodInvocationHelper.java:132)
at org.testng.internal.TestInvoker.invokeMethod(TestInvoker.java:599)
at org.testng.internal.TestInvoker.invokeTestMethod(TestInvoker.java:174)
at org.testng.internal.MethodRunner.runInSequence(MethodRunner.java:46)
at org.testng.internal.TestInvoker$MethodInvocationAgent.invoke(TestInvoker.java:822)
at org.testng.internal.TestInvoker.invokeTestMethods(TestInvoker.java:147)
at org.testng.internal.TestMethodWorker.invokeTestMethods(TestMethodWorker.java:146)
at org.testng.internal.TestMethodWorker.run(TestMethodWorker.java:128)
at java.util.ArrayList.forEach(ArrayList.java:1259)
at org.testng.TestRunner.privateRun(TestRunner.java:764)
at org.testng.TestRunner.run(TestRunner.java:585)
at org.testng.SuiteRunner.runTest(SuiteRunner.java:384)
at org.testng.SuiteRunner.runSequentially(SuiteRunner.java:378)
at org.testng.SuiteRunner.privateRun(SuiteRunner.java:337)
at org.testng.SuiteRunner.run(SuiteRunner.java:286)
at org.testng.SuiteRunnerWorker.runSuite(SuiteRunnerWorker.java:53)
at org.testng.SuiteRunnerWorker.run(SuiteRunnerWorker.java:96)
at org.testng.TestNG.runSuitesSequentially(TestNG.java:1218)
at org.testng.TestNG.runSuitesLocally(TestNG.java:1140)
at org.testng.TestNG.runSuites(TestNG.java:1069)
at org.testng.TestNG.run(TestNG.java:1037)
at org.apache.maven.surefire.testng.TestNGExecutor.run(TestNGExecutor.java:284)
at org.apache.maven.surefire.testng.TestNGXmlTestSuite.execute(TestNGXmlTestSuite.java:75)
at org.apache.maven.surefire.testng.TestNGProvider.invoke(TestNGProvider.java:119)
at org.apache.maven.surefire.booter.ForkedBooter.runSuitesInProcess(ForkedBooter.java:428)
at org.apache.maven.surefire.booter.ForkedBooter.execute(ForkedBooter.java:162)
at org.apache.maven.surefire.booter.ForkedBooter.run(ForkedBooter.java:562)
at org.apache.maven.surefire.booter.ForkedBooter.main(ForkedBooter.java:548)
]]>
            </full-stacktrace>
          </exception> <!-- org.openqa.selenium.NoSuchElementException -->
          <reporter-output>
          </reporter-output>
        </test-method> <!-- tc02SignInFailed -->
        <test-method status="FAIL" signature="tc01SignInSuccessfullyToSystem()[pri:3, instance:tests.SignInUserToSystem@94f6bfb]" name="tc01SignInSuccessfullyToSystem" duration-ms="13" started-at="2021-04-14T11:30:39 IDT" finished-at="2021-04-14T11:30:39 IDT">
          <exception class="org.openqa.selenium.NoSuchElementException">
            <message>
              <![CDATA[no such element: Unable to locate element: {"method":"css selector","selector":".login"}
  (Session info: chrome=89.0.4389.114)
For documentation on this error, please visit: https://www.seleniumhq.org/exceptions/no_such_element.html
Build info: version: '3.141.59', revision: 'e82be7d358', time: '2018-11-14T08:17:03'
System info: host: 'DESKTOP-V3Q84TH', ip: '10.0.0.1', os.name: 'Windows 10', os.arch: 'amd64', os.version: '10.0', java.version: '1.8.0_282'
Driver info: org.openqa.selenium.chrome.ChromeDriver
Capabilities {acceptInsecureCerts: false, browserName: chrome, browserVersion: 89.0.4389.114, chrome: {chromedriverVersion: 89.0.4389.23 (61b08ee2c5002..., userDataDir: C:\Users\BENMEN~1\AppData\L...}, goog:chromeOptions: {debuggerAddress: localhost:59602}, javascriptEnabled: true, networkConnectionEnabled: false, pageLoadStrategy: normal, platform: WINDOWS, platformName: WINDOWS, proxy: Proxy(), setWindowRect: true, strictFileInteractability: false, timeouts: {implicit: 0, pageLoad: 300000, script: 30000}, unhandledPromptBehavior: dismiss and notify, webauthn:extension:largeBlob: true, webauthn:virtualAuthenticators: true}
Session ID: c65735929ae2ade7cd320c431d635e33
*** Element info: {Using=css selector, value=.login}]]>
            </message>
            <full-stacktrace>
              <![CDATA[org.openqa.selenium.NoSuchElementException: no such element: Unable to locate element: {"method":"css selector","selector":".login"}
  (Session info: chrome=89.0.4389.114)
For documentation on this error, please visit: https://www.seleniumhq.org/exceptions/no_such_element.html
Build info: version: '3.141.59', revision: 'e82be7d358', time: '2018-11-14T08:17:03'
System info: host: 'DESKTOP-V3Q84TH', ip: '10.0.0.1', os.name: 'Windows 10', os.arch: 'amd64', os.version: '10.0', java.version: '1.8.0_282'
Driver info: org.openqa.selenium.chrome.ChromeDriver
Capabilities {acceptInsecureCerts: false, browserName: chrome, browserVersion: 89.0.4389.114, chrome: {chromedriverVersion: 89.0.4389.23 (61b08ee2c5002..., userDataDir: C:\Users\BENMEN~1\AppData\L...}, goog:chromeOptions: {debuggerAddress: localhost:59602}, javascriptEnabled: true, networkConnectionEnabled: false, pageLoadStrategy: normal, platform: WINDOWS, platformName: WINDOWS, proxy: Proxy(), setWindowRect: true, strictFileInteractability: false, timeouts: {implicit: 0, pageLoad: 300000, script: 30000}, unhandledPromptBehavior: dismiss and notify, webauthn:extension:largeBlob: true, webauthn:virtualAuthenticators: true}
Session ID: c65735929ae2ade7cd320c431d635e33
*** Element info: {Using=css selector, value=.login}
at sun.reflect.NativeConstructorAccessorImpl.newInstance0(Native Method)
at sun.reflect.NativeConstructorAccessorImpl.newInstance(NativeConstructorAccessorImpl.java:62)
at sun.reflect.DelegatingConstructorAccessorImpl.newInstance(DelegatingConstructorAccessorImpl.java:45)
at java.lang.reflect.Constructor.newInstance(Constructor.java:423)
at org.openqa.selenium.remote.http.W3CHttpResponseCodec.createException(W3CHttpResponseCodec.java:187)
at org.openqa.selenium.remote.http.W3CHttpResponseCodec.decode(W3CHttpResponseCodec.java:122)
at org.openqa.selenium.remote.http.W3CHttpResponseCodec.decode(W3CHttpResponseCodec.java:49)
at org.openqa.selenium.remote.HttpCommandExecutor.execute(HttpCommandExecutor.java:158)
at org.openqa.selenium.remote.service.DriverCommandExecutor.execute(DriverCommandExecutor.java:83)
at org.openqa.selenium.remote.RemoteWebDriver.execute(RemoteWebDriver.java:552)
at org.openqa.selenium.remote.RemoteWebDriver.findElement(RemoteWebDriver.java:323)
at org.openqa.selenium.remote.RemoteWebDriver.findElementByCssSelector(RemoteWebDriver.java:420)
at org.openqa.selenium.By$ByCssSelector.findElement(By.java:431)
at org.openqa.selenium.remote.RemoteWebDriver.findElement(RemoteWebDriver.java:315)
at org.openqa.selenium.support.pagefactory.DefaultElementLocator.findElement(DefaultElementLocator.java:69)
at org.openqa.selenium.support.pagefactory.internal.LocatingElementHandler.invoke(LocatingElementHandler.java:38)
at com.sun.proxy.$Proxy11.getWrappedElement(Unknown Source)
at org.openqa.selenium.remote.internal.WebElementToJsonConverter.apply(WebElementToJsonConverter.java:50)
at java.util.stream.ReferencePipeline$3$1.accept(ReferencePipeline.java:193)
at java.util.Spliterators$ArraySpliterator.forEachRemaining(Spliterators.java:948)
at java.util.stream.AbstractPipeline.copyInto(AbstractPipeline.java:482)
at java.util.stream.AbstractPipeline.wrapAndCopyInto(AbstractPipeline.java:472)
at java.util.stream.ReduceOps$ReduceOp.evaluateSequential(ReduceOps.java:708)
at java.util.stream.AbstractPipeline.evaluate(AbstractPipeline.java:234)
at java.util.stream.ReferencePipeline.collect(ReferencePipeline.java:566)
at org.openqa.selenium.remote.RemoteWebDriver.executeScript(RemoteWebDriver.java:484)
at pageobjects.BasePage.click(BasePage.java:28)
at pageobjects.WelcomePage.ClickSignIn(WelcomePage.java:206)
at tests.SignInUserToSystem.tc01SignInSuccessfullyToSystem(SignInUserToSystem.java:21)
at sun.reflect.NativeMethodAccessorImpl.invoke0(Native Method)
at sun.reflect.NativeMethodAccessorImpl.invoke(NativeMethodAccessorImpl.java:62)
at sun.reflect.DelegatingMethodAccessorImpl.invoke(DelegatingMethodAccessorImpl.java:43)
at java.lang.reflect.Method.invoke(Method.java:498)
at org.testng.internal.MethodInvocationHelper.invokeMethod(MethodInvocationHelper.java:132)
at org.testng.internal.TestInvoker.invokeMethod(TestInvoker.java:599)
at org.testng.internal.TestInvoker.invokeTestMethod(TestInvoker.java:174)
at org.testng.internal.MethodRunner.runInSequence(MethodRunner.java:46)
at org.testng.internal.TestInvoker$MethodInvocationAgent.invoke(TestInvoker.java:822)
at org.testng.internal.TestInvoker.invokeTestMethods(TestInvoker.java:147)
at org.testng.internal.TestMethodWorker.invokeTestMethods(TestMethodWorker.java:146)
at org.testng.internal.TestMethodWorker.run(TestMethodWorker.java:128)
at java.util.ArrayList.forEach(ArrayList.java:1259)
at org.testng.TestRunner.privateRun(TestRunner.java:764)
at org.testng.TestRunner.run(TestRunner.java:585)
at org.testng.SuiteRunner.runTest(SuiteRunner.java:384)
at org.testng.SuiteRunner.runSequentially(SuiteRunner.java:378)
at org.testng.SuiteRunner.privateRun(SuiteRunner.java:337)
at org.testng.SuiteRunner.run(SuiteRunner.java:286)
at org.testng.SuiteRunnerWorker.runSuite(SuiteRunnerWorker.java:53)
at org.testng.SuiteRunnerWorker.run(SuiteRunnerWorker.java:96)
at org.testng.TestNG.runSuitesSequentially(TestNG.java:1218)
at org.testng.TestNG.runSuitesLocally(TestNG.java:1140)
at org.testng.TestNG.runSuites(TestNG.java:1069)
at org.testng.TestNG.run(TestNG.java:1037)
at org.apache.maven.surefire.testng.TestNGExecutor.run(TestNGExecutor.java:284)
at org.apache.maven.surefire.testng.TestNGXmlTestSuite.execute(TestNGXmlTestSuite.java:75)
at org.apache.maven.surefire.testng.TestNGProvider.invoke(TestNGProvider.java:119)
at org.apache.maven.surefire.booter.ForkedBooter.runSuitesInProcess(ForkedBooter.java:428)
at org.apache.maven.surefire.booter.ForkedBooter.execute(ForkedBooter.java:162)
at org.apache.maven.surefire.booter.ForkedBooter.run(ForkedBooter.java:562)
at org.apache.maven.surefire.booter.ForkedBooter.main(ForkedBooter.java:548)
]]>
            </full-stacktrace>
          </exception> <!-- org.openqa.selenium.NoSuchElementException -->
          <reporter-output>
          </reporter-output>
        </test-method> <!-- tc01SignInSuccessfullyToSystem -->
        <test-method status="PASS" signature="tearDown()[pri:0, instance:tests.SignInUserToSystem@94f6bfb]" name="tearDown" is-config="true" duration-ms="652" started-at="2021-04-14T11:30:39 IDT" finished-at="2021-04-14T11:30:40 IDT">
          <reporter-output>
          </reporter-output>
        </test-method> <!-- tearDown -->
      </class> <!-- tests.SignInUserToSystem -->
      <class name="tests.AddProductTestPaymentSum">
        <test-method status="PASS" signature="setup()[pri:0, instance:tests.AddProductTestPaymentSum@495083a0]" name="setup" is-config="true" duration-ms="7951" started-at="2021-04-14T11:36:12 IDT" finished-at="2021-04-14T11:36:20 IDT">
          <reporter-output>
          </reporter-output>
        </test-method> <!-- setup -->
        <test-method status="FAIL" signature="tc04CalcProductsPrice()[pri:1, instance:tests.AddProductTestPaymentSum@495083a0]" name="tc04CalcProductsPrice" duration-ms="17634" started-at="2021-04-14T11:36:20 IDT" finished-at="2021-04-14T11:36:38 IDT">
          <exception class="java.lang.StringIndexOutOfBoundsException">
            <message>
              <![CDATA[String index out of range: -1]]>
            </message>
            <full-stacktrace>
              <![CDATA[java.lang.StringIndexOutOfBoundsException: String index out of range: -1
at java.lang.String.substring(String.java:1931)
at pageobjects.WelcomePage.ReturnPriceProduct(WelcomePage.java:310)
at tests.AddProductTestPaymentSum.tc04CalcProductsPrice(AddProductTestPaymentSum.java:22)
at sun.reflect.NativeMethodAccessorImpl.invoke0(Native Method)
at sun.reflect.NativeMethodAccessorImpl.invoke(NativeMethodAccessorImpl.java:62)
at sun.reflect.DelegatingMethodAccessorImpl.invoke(DelegatingMethodAccessorImpl.java:43)
at java.lang.reflect.Method.invoke(Method.java:498)
at org.testng.internal.MethodInvocationHelper.invokeMethod(MethodInvocationHelper.java:132)
at org.testng.internal.TestInvoker.invokeMethod(TestInvoker.java:599)
at org.testng.internal.TestInvoker.invokeTestMethod(TestInvoker.java:174)
at org.testng.internal.MethodRunner.runInSequence(MethodRunner.java:46)
at org.testng.internal.TestInvoker$MethodInvocationAgent.invoke(TestInvoker.java:822)
at org.testng.internal.TestInvoker.invokeTestMethods(TestInvoker.java:147)
at org.testng.internal.TestMethodWorker.invokeTestMethods(TestMethodWorker.java:146)
at org.testng.internal.TestMethodWorker.run(TestMethodWorker.java:128)
at java.util.ArrayList.forEach(ArrayList.java:1259)
at org.testng.TestRunner.privateRun(TestRunner.java:764)
at org.testng.TestRunner.run(TestRunner.java:585)
at org.testng.SuiteRunner.runTest(SuiteRunner.java:384)
at org.testng.SuiteRunner.runSequentially(SuiteRunner.java:378)
at org.testng.SuiteRunner.privateRun(SuiteRunner.java:337)
at org.testng.SuiteRunner.run(SuiteRunner.java:286)
at org.testng.SuiteRunnerWorker.runSuite(SuiteRunnerWorker.java:53)
at org.testng.SuiteRunnerWorker.run(SuiteRunnerWorker.java:96)
at org.testng.TestNG.runSuitesSequentially(TestNG.java:1218)
at org.testng.TestNG.runSuitesLocally(TestNG.java:1140)
at org.testng.TestNG.runSuites(TestNG.java:1069)
at org.testng.TestNG.run(TestNG.java:1037)
at org.apache.maven.surefire.testng.TestNGExecutor.run(TestNGExecutor.java:284)
at org.apache.maven.surefire.testng.TestNGXmlTestSuite.execute(TestNGXmlTestSuite.java:75)
at org.apache.maven.surefire.testng.TestNGProvider.invoke(TestNGProvider.java:119)
at org.apache.maven.surefire.booter.ForkedBooter.runSuitesInProcess(ForkedBooter.java:428)
at org.apache.maven.surefire.booter.ForkedBooter.execute(ForkedBooter.java:162)
at org.apache.maven.surefire.booter.ForkedBooter.run(ForkedBooter.java:562)
at org.apache.maven.surefire.booter.ForkedBooter.main(ForkedBooter.java:548)
]]>
            </full-stacktrace>
          </exception> <!-- java.lang.StringIndexOutOfBoundsException -->
          <reporter-output>
          </reporter-output>
        </test-method> <!-- tc04CalcProductsPrice -->
        <test-method status="PASS" signature="tearDown()[pri:0, instance:tests.AddProductTestPaymentSum@495083a0]" name="tearDown" is-config="true" duration-ms="668" started-at="2021-04-14T11:36:38 IDT" finished-at="2021-04-14T11:36:39 IDT">
          <reporter-output>
          </reporter-output>
        </test-method> <!-- tearDown -->
      </class> <!-- tests.AddProductTestPaymentSum -->
      <class name="tests.QuickViewProduct">
        <test-method status="PASS" signature="setup()[pri:0, instance:tests.QuickViewProduct@35fe2125]" name="setup" is-config="true" duration-ms="11891" started-at="2021-04-14T11:29:18 IDT" finished-at="2021-04-14T11:29:30 IDT">
          <reporter-output>
          </reporter-output>
        </test-method> <!-- setup -->
        <test-method status="PASS" signature="tc01ClickPreview()[pri:0, instance:tests.QuickViewProduct@35fe2125]" name="tc01ClickPreview" duration-ms="20605" started-at="2021-04-14T11:29:30 IDT" finished-at="2021-04-14T11:29:50 IDT">
          <reporter-output>
          </reporter-output>
        </test-method> <!-- tc01ClickPreview -->
        <test-method status="PASS" signature="tearDown()[pri:0, instance:tests.QuickViewProduct@35fe2125]" name="tearDown" is-config="true" duration-ms="751" started-at="2021-04-14T11:29:51 IDT" finished-at="2021-04-14T11:29:51 IDT">
          <reporter-output>
          </reporter-output>
        </test-method> <!-- tearDown -->
      </class> <!-- tests.QuickViewProduct -->
      <class name="tests.AddFewProducts">
        <test-method status="PASS" signature="setup()[pri:0, instance:tests.AddFewProducts@34645867]" name="setup" is-config="true" duration-ms="8296" started-at="2021-04-14T11:30:40 IDT" finished-at="2021-04-14T11:30:48 IDT">
          <reporter-output>
          </reporter-output>
        </test-method> <!-- setup -->
        <test-method status="PASS" signature="tc03RemoveProduct()[pri:1, instance:tests.AddFewProducts@34645867]" name="tc03RemoveProduct" duration-ms="64734" started-at="2021-04-14T11:30:48 IDT" finished-at="2021-04-14T11:31:53 IDT">
          <reporter-output>
          </reporter-output>
        </test-method> <!-- tc03RemoveProduct -->
        <test-method status="PASS" signature="tearDown()[pri:0, instance:tests.AddFewProducts@34645867]" name="tearDown" is-config="true" duration-ms="658" started-at="2021-04-14T11:31:53 IDT" finished-at="2021-04-14T11:31:54 IDT">
          <reporter-output>
          </reporter-output>
        </test-method> <!-- tearDown -->
      </class> <!-- tests.AddFewProducts -->
      <class name="tests.SendMail">
        <test-method status="PASS" signature="setup()[pri:0, instance:tests.SendMail@2484f433]" name="setup" is-config="true" duration-ms="8386" started-at="2021-04-14T11:31:54 IDT" finished-at="2021-04-14T11:32:02 IDT">
          <reporter-output>
          </reporter-output>
        </test-method> <!-- setup -->
        <test-method status="PASS" signature="tc01SendSuccessfullyMail()[pri:0, instance:tests.SendMail@2484f433]" name="tc01SendSuccessfullyMail" duration-ms="7666" started-at="2021-04-14T11:32:02 IDT" finished-at="2021-04-14T11:32:10 IDT">
          <reporter-output>
          </reporter-output>
        </test-method> <!-- tc01SendSuccessfullyMail -->
        <test-method status="PASS" signature="tearDown()[pri:0, instance:tests.SendMail@2484f433]" name="tearDown" is-config="true" duration-ms="685" started-at="2021-04-14T11:32:10 IDT" finished-at="2021-04-14T11:32:10 IDT">
          <reporter-output>
          </reporter-output>
        </test-method> <!-- tearDown -->
      </class> <!-- tests.SendMail -->
      <class name="tests.AddProduct">
        <test-method status="PASS" signature="setup()[pri:0, instance:tests.AddProduct@60b71e8f]" name="setup" is-config="true" duration-ms="8038" started-at="2021-04-14T11:32:10 IDT" finished-at="2021-04-14T11:32:18 IDT">
          <reporter-output>
          </reporter-output>
        </test-method> <!-- setup -->
        <test-method status="PASS" signature="tc02AddFewProduct()[pri:1, instance:tests.AddProduct@60b71e8f]" name="tc02AddFewProduct" duration-ms="61537" started-at="2021-04-14T11:32:18 IDT" finished-at="2021-04-14T11:33:20 IDT">
          <reporter-output>
          </reporter-output>
        </test-method> <!-- tc02AddFewProduct -->
        <test-method status="PASS" signature="tc01AddProduct()[pri:2, instance:tests.AddProduct@60b71e8f]" name="tc01AddProduct" duration-ms="17484" started-at="2021-04-14T11:33:20 IDT" finished-at="2021-04-14T11:33:37 IDT">
          <reporter-output>
          </reporter-output>
        </test-method> <!-- tc01AddProduct -->
        <test-method status="PASS" signature="tearDown()[pri:0, instance:tests.AddProduct@60b71e8f]" name="tearDown" is-config="true" duration-ms="709" started-at="2021-04-14T11:33:37 IDT" finished-at="2021-04-14T11:33:38 IDT">
          <reporter-output>
          </reporter-output>
        </test-method> <!-- tearDown -->
      </class> <!-- tests.AddProduct -->
      <class name="tests.SortingProducts">
        <test-method status="PASS" signature="setup()[pri:0, instance:tests.SortingProducts@7c22d4f]" name="setup" is-config="true" duration-ms="6401" started-at="2021-04-14T11:34:09 IDT" finished-at="2021-04-14T11:34:15 IDT">
          <reporter-output>
          </reporter-output>
        </test-method> <!-- setup -->
        <test-method status="FAIL" signature="tc01SortFromLowToHigh()[pri:0, instance:tests.SortingProducts@7c22d4f]" name="tc01SortFromLowToHigh" duration-ms="12918" started-at="2021-04-14T11:34:15 IDT" finished-at="2021-04-14T11:34:28 IDT">
          <exception class="java.lang.AssertionError">
            <message>
              <![CDATA[expected [true] but found [false]]]>
            </message>
            <full-stacktrace>
              <![CDATA[java.lang.AssertionError: expected [true] but found [false]
at org.testng.Assert.fail(Assert.java:99)
at org.testng.Assert.failNotEquals(Assert.java:1037)
at org.testng.Assert.assertEqualsImpl(Assert.java:140)
at org.testng.Assert.assertEquals(Assert.java:122)
at org.testng.Assert.assertEquals(Assert.java:819)
at org.testng.Assert.assertEquals(Assert.java:829)
at tests.SortingProducts.tc01SortFromLowToHigh(SortingProducts.java:23)
at sun.reflect.NativeMethodAccessorImpl.invoke0(Native Method)
at sun.reflect.NativeMethodAccessorImpl.invoke(NativeMethodAccessorImpl.java:62)
at sun.reflect.DelegatingMethodAccessorImpl.invoke(DelegatingMethodAccessorImpl.java:43)
at java.lang.reflect.Method.invoke(Method.java:498)
at org.testng.internal.MethodInvocationHelper.invokeMethod(MethodInvocationHelper.java:132)
at org.testng.internal.TestInvoker.invokeMethod(TestInvoker.java:599)
at org.testng.internal.TestInvoker.invokeTestMethod(TestInvoker.java:174)
at org.testng.internal.MethodRunner.runInSequence(MethodRunner.java:46)
at org.testng.internal.TestInvoker$MethodInvocationAgent.invoke(TestInvoker.java:822)
at org.testng.internal.TestInvoker.invokeTestMethods(TestInvoker.java:147)
at org.testng.internal.TestMethodWorker.invokeTestMethods(TestMethodWorker.java:146)
at org.testng.internal.TestMethodWorker.run(TestMethodWorker.java:128)
at java.util.ArrayList.forEach(ArrayList.java:1259)
at org.testng.TestRunner.privateRun(TestRunner.java:764)
at org.testng.TestRunner.run(TestRunner.java:585)
at org.testng.SuiteRunner.runTest(SuiteRunner.java:384)
at org.testng.SuiteRunner.runSequentially(SuiteRunner.java:378)
at org.testng.SuiteRunner.privateRun(SuiteRunner.java:337)
at org.testng.SuiteRunner.run(SuiteRunner.java:286)
at org.testng.SuiteRunnerWorker.runSuite(SuiteRunnerWorker.java:53)
at org.testng.SuiteRunnerWorker.run(SuiteRunnerWorker.java:96)
at org.testng.TestNG.runSuitesSequentially(TestNG.java:1218)
at org.testng.TestNG.runSuitesLocally(TestNG.java:1140)
at org.testng.TestNG.runSuites(TestNG.java:1069)
at org.testng.TestNG.run(TestNG.java:1037)
at org.apache.maven.surefire.testng.TestNGExecutor.run(TestNGExecutor.java:284)
at org.apache.maven.surefire.testng.TestNGXmlTestSuite.execute(TestNGXmlTestSuite.java:75)
at org.apache.maven.surefire.testng.TestNGProvider.invoke(TestNGProvider.java:119)
at org.apache.maven.surefire.booter.ForkedBooter.runSuitesInProcess(ForkedBooter.java:428)
at org.apache.maven.surefire.booter.ForkedBooter.execute(ForkedBooter.java:162)
at org.apache.maven.surefire.booter.ForkedBooter.run(ForkedBooter.java:562)
at org.apache.maven.surefire.booter.ForkedBooter.main(ForkedBooter.java:548)
]]>
            </full-stacktrace>
          </exception> <!-- java.lang.AssertionError -->
          <reporter-output>
          </reporter-output>
        </test-method> <!-- tc01SortFromLowToHigh -->
        <test-method status="PASS" signature="tearDown()[pri:0, instance:tests.SortingProducts@7c22d4f]" name="tearDown" is-config="true" duration-ms="661" started-at="2021-04-14T11:34:28 IDT" finished-at="2021-04-14T11:34:29 IDT">
          <reporter-output>
          </reporter-output>
        </test-method> <!-- tearDown -->
      </class> <!-- tests.SortingProducts -->
      <class name="tests.ReceiveDeliveryPage">
        <test-method status="PASS" signature="setup()[pri:0, instance:tests.ReceiveDeliveryPage@1255b1d1]" name="setup" is-config="true" duration-ms="7123" started-at="2021-04-14T11:33:38 IDT" finished-at="2021-04-14T11:33:45 IDT">
          <reporter-output>
          </reporter-output>
        </test-method> <!-- setup -->
        <test-method status="PASS" signature="tc01ReveiDeliveryPage()[pri:0, instance:tests.ReceiveDeliveryPage@1255b1d1]" name="tc01ReveiDeliveryPage" duration-ms="11000" started-at="2021-04-14T11:33:45 IDT" finished-at="2021-04-14T11:33:56 IDT">
          <reporter-output>
          </reporter-output>
        </test-method> <!-- tc01ReveiDeliveryPage -->
        <test-method status="PASS" signature="tearDown()[pri:0, instance:tests.ReceiveDeliveryPage@1255b1d1]" name="tearDown" is-config="true" duration-ms="662" started-at="2021-04-14T11:33:56 IDT" finished-at="2021-04-14T11:33:57 IDT">
          <reporter-output>
          </reporter-output>
        </test-method> <!-- tearDown -->
      </class> <!-- tests.ReceiveDeliveryPage -->
      <class name="tests.ProductTabSelection">
        <test-method status="PASS" signature="setup()[pri:0, instance:tests.ProductTabSelection@5f59185e]" name="setup" is-config="true" duration-ms="5908" started-at="2021-04-14T11:34:29 IDT" finished-at="2021-04-14T11:34:35 IDT">
          <reporter-output>
          </reporter-output>
        </test-method> <!-- setup -->
        <test-method status="PASS" signature="tc01ProductTabSelection()[pri:0, instance:tests.ProductTabSelection@5f59185e]" name="tc01ProductTabSelection" duration-ms="10280" started-at="2021-04-14T11:34:35 IDT" finished-at="2021-04-14T11:34:45 IDT">
          <reporter-output>
          </reporter-output>
        </test-method> <!-- tc01ProductTabSelection -->
        <test-method status="PASS" signature="tc02ProductSelection()[pri:0, instance:tests.ProductTabSelection@5f59185e]" name="tc02ProductSelection" duration-ms="131" started-at="2021-04-14T11:34:45 IDT" finished-at="2021-04-14T11:34:45 IDT">
          <reporter-output>
          </reporter-output>
        </test-method> <!-- tc02ProductSelection -->
        <test-method status="PASS" signature="tearDown()[pri:0, instance:tests.ProductTabSelection@5f59185e]" name="tearDown" is-config="true" duration-ms="653" started-at="2021-04-14T11:34:45 IDT" finished-at="2021-04-14T11:34:46 IDT">
          <reporter-output>
          </reporter-output>
        </test-method> <!-- tearDown -->
      </class> <!-- tests.ProductTabSelection -->
      <class name="tests.ForgotPassword">
        <test-method status="PASS" signature="setup()[pri:0, instance:tests.ForgotPassword@60bdf15d]" name="setup" is-config="true" duration-ms="6180" started-at="2021-04-14T11:34:46 IDT" finished-at="2021-04-14T11:34:52 IDT">
          <reporter-output>
          </reporter-output>
        </test-method> <!-- setup -->
        <test-method status="PASS" signature="tc01ForgotPasswordSuccess()[pri:0, instance:tests.ForgotPassword@60bdf15d]" name="tc01ForgotPasswordSuccess" duration-ms="15963" started-at="2021-04-14T11:34:52 IDT" finished-at="2021-04-14T11:35:08 IDT">
          <reporter-output>
          </reporter-output>
        </test-method> <!-- tc01ForgotPasswordSuccess -->
        <test-method status="PASS" signature="tearDown()[pri:0, instance:tests.ForgotPassword@60bdf15d]" name="tearDown" is-config="true" duration-ms="667" started-at="2021-04-14T11:35:08 IDT" finished-at="2021-04-14T11:35:08 IDT">
          <reporter-output>
          </reporter-output>
        </test-method> <!-- tearDown -->
      </class> <!-- tests.ForgotPassword -->
    </test> <!-- Test -->
  </suite> <!-- Suite -->
</testng-results>
